#0 building with "desktop-linux" instance using docker driver

#1 [internal] load build definition from Dockerfile
#1 transferring dockerfile: 659B done
#1 DONE 0.0s

#2 [internal] load metadata for mcr.microsoft.com/dotnet/aspnet:8.0
#2 DONE 0.1s

#3 [internal] load metadata for mcr.microsoft.com/dotnet/sdk:8.0
#3 DONE 0.1s

#4 [internal] load .dockerignore
#4 transferring context: 2B done
#4 DONE 0.0s

#5 [internal] load build context
#5 DONE 0.0s

#6 [base 1/2] FROM mcr.microsoft.com/dotnet/aspnet:8.0@sha256:35095f3e2bf5ab1f0c6953ed1364028343b5aef029932454cf2ce9e9680827d8
#6 resolve mcr.microsoft.com/dotnet/aspnet:8.0@sha256:35095f3e2bf5ab1f0c6953ed1364028343b5aef029932454cf2ce9e9680827d8 0.1s done
#6 DONE 0.1s

#7 [build 1/6] FROM mcr.microsoft.com/dotnet/sdk:8.0@sha256:e6748a3b3d8cea753f643cacac0e577d8c409285b3924232db1354693bdbd3d7
#7 resolve mcr.microsoft.com/dotnet/sdk:8.0@sha256:e6748a3b3d8cea753f643cacac0e577d8c409285b3924232db1354693bdbd3d7
#7 resolve mcr.microsoft.com/dotnet/sdk:8.0@sha256:e6748a3b3d8cea753f643cacac0e577d8c409285b3924232db1354693bdbd3d7 0.1s done
#7 DONE 0.1s

#8 [base 2/2] WORKDIR /app
#8 CACHED

#9 [final 1/2] WORKDIR /app
#9 CACHED

#10 [build 2/6] WORKDIR /src
#10 CACHED

#5 [internal] load build context
#5 transferring context: 18.31kB 0.0s done
#5 DONE 0.1s

#11 [build 3/6] COPY [MarketAuth.csproj, ./]  # Adjust path if needed
#11 ERROR: failed to calculate checksum of ref n6s0raiegvqg3dgsc2ld1l9ke::5zpwvlijruilk2ejnm87ut779: "/path": not found
------
 > [build 3/6] COPY [MarketAuth.csproj, ./]  # Adjust path if needed:
------
Dockerfile:10
--------------------
   8 |     FROM mcr.microsoft.com/dotnet/sdk:8.0 AS build
   9 |     WORKDIR /src
  10 | >>> COPY ["MarketAuth.csproj", "./"]  # Adjust path if needed
  11 |     RUN dotnet restore "MarketAuth.csproj"
  12 |     COPY . .
--------------------
ERROR: failed to solve: failed to compute cache key: failed to calculate checksum of ref n6s0raiegvqg3dgsc2ld1l9ke::5zpwvlijruilk2ejnm87ut779: "/path": not found
